\BOOKMARK [1][-]{section.1}{\376\377\000D\000e\000v\000e\000l\000o\000p\000m\000e\000n\000t\000\040\000S\000c\000h\000e\000d\000u\000l\000e}{}% 1
\BOOKMARK [2][-]{subsection.1.1}{\376\377\000P\000l\000a\000n\000n\000i\000n\000g\000\040\000a\000n\000d\000\040\000D\000o\000c\000u\000m\000e\000n\000t\000a\000t\000i\000o\000n}{section.1}% 2
\BOOKMARK [2][-]{subsection.1.2}{\376\377\000P\000r\000o\000g\000r\000a\000m\000m\000i\000n\000g\000\040\000a\000n\000d\000\040\000D\000e\000v\000e\000l\000o\000p\000m\000e\000n\000t}{section.1}% 3
\BOOKMARK [1][-]{section.2}{\376\377\000P\000r\000o\000b\000l\000e\000m\000\040\000O\000u\000t\000l\000i\000n\000e}{}% 4
\BOOKMARK [1][-]{section.3}{\376\377\000P\000r\000o\000b\000l\000e\000m\000\040\000D\000e\000s\000c\000r\000i\000p\000t\000i\000o\000n}{}% 5
\BOOKMARK [2][-]{subsection.3.1}{\376\377\000G\000a\000m\000e\000\040\000O\000v\000e\000r\000v\000i\000e\000w}{section.3}% 6
\BOOKMARK [2][-]{subsection.3.2}{\376\377\000G\000a\000m\000e\000\040\000O\000b\000j\000e\000c\000t\000i\000v\000e\000s}{section.3}% 7
\BOOKMARK [2][-]{subsection.3.3}{\376\377\000C\000o\000r\000e\000\040\000G\000a\000m\000e\000\040\000R\000u\000l\000e\000s}{section.3}% 8
\BOOKMARK [2][-]{subsection.3.4}{\376\377\000G\000a\000m\000e\000p\000l\000a\000y\000\040\000F\000l\000o\000w}{section.3}% 9
\BOOKMARK [2][-]{subsection.3.5}{\376\377\000S\000c\000o\000r\000i\000n\000g\000\040\000S\000y\000s\000t\000e\000m}{section.3}% 10
\BOOKMARK [2][-]{subsection.3.6}{\376\377\000W\000i\000n\000n\000e\000r\000\040\000D\000e\000t\000e\000r\000m\000i\000n\000a\000t\000i\000o\000n}{section.3}% 11
\BOOKMARK [2][-]{subsection.3.7}{\376\377\000A\000d\000v\000a\000n\000c\000e\000d\000\040\000G\000a\000m\000e\000\040\000M\000e\000c\000h\000a\000n\000i\000c\000s\000\040\000a\000n\000d\000\040\000S\000t\000r\000a\000t\000e\000g\000i\000e\000s}{section.3}% 12
\BOOKMARK [1][-]{section.4}{\376\377\000R\000e\000q\000u\000i\000r\000e\000m\000e\000n\000t\000s}{}% 13
\BOOKMARK [2][-]{subsection.4.1}{\376\377\000F\000u\000n\000c\000t\000i\000o\000n\000a\000l\000\040\000R\000e\000q\000u\000i\000r\000e\000m\000e\000n\000t\000s}{section.4}% 14
\BOOKMARK [2][-]{subsection.4.2}{\376\377\000N\000o\000n\000-\000F\000u\000n\000c\000t\000i\000o\000n\000a\000l\000\040\000R\000e\000q\000u\000i\000r\000e\000m\000e\000n\000t\000s}{section.4}% 15
\BOOKMARK [1][-]{section.5}{\376\377\000D\000e\000s\000i\000g\000n}{}% 16
\BOOKMARK [2][-]{subsection.5.1}{\376\377\000C\000o\000r\000e\000\040\000S\000y\000s\000t\000e\000m\000\040\000D\000e\000s\000i\000g\000n}{section.5}% 17
\BOOKMARK [3][-]{subsubsection.5.1.1}{\376\377\000E\000n\000g\000i\000n\000e}{subsection.5.1}% 18
\BOOKMARK [4][-]{paragraph.5.1.1.1}{\376\377\000E\000C\000S\000\040\000A\000r\000c\000h\000i\000t\000e\000c\000t\000u\000r\000e}{subsubsection.5.1.1}% 19
\BOOKMARK [4][-]{paragraph.5.1.1.2}{\376\377\0002\000D\000/\0003\000D\000\040\000C\000a\000m\000e\000r\000a\000s}{subsubsection.5.1.1}% 20
\BOOKMARK [4][-]{paragraph.5.1.1.3}{\376\377\000G\000a\000m\000e\000O\000b\000j\000e\000c\000t\000s\000\040\000a\000n\000d\000\040\000C\000o\000m\000p\000o\000n\000e\000n\000t\000s}{subsubsection.5.1.1}% 21
\BOOKMARK [4][-]{paragraph.5.1.1.4}{\376\377\000L\000a\000y\000e\000r\000e\000d\000\040\000S\000p\000r\000i\000t\000e\000\040\000R\000e\000n\000d\000e\000r\000i\000n\000g}{subsubsection.5.1.1}% 22
\BOOKMARK [4][-]{paragraph.5.1.1.5}{\376\377\000R\000e\000n\000d\000e\000r\000i\000n\000g}{subsubsection.5.1.1}% 23
\BOOKMARK [4][-]{paragraph.5.1.1.6}{\376\377\000S\000h\000a\000r\000e\000d\000\040\000S\000t\000a\000t\000e}{subsubsection.5.1.1}% 24
\BOOKMARK [3][-]{subsubsection.5.1.2}{\376\377\000N\000e\000t\000w\000o\000r\000k}{subsection.5.1}% 25
\BOOKMARK [4][-]{paragraph.5.1.2.1}{\376\377\000C\000u\000s\000t\000o\000m\000\040\000B\000i\000n\000a\000r\000y\000\040\000P\000r\000o\000t\000o\000c\000o\000l}{subsubsection.5.1.2}% 26
\BOOKMARK [4][-]{paragraph.5.1.2.2}{\376\377\000C\000l\000i\000e\000n\000t\000-\000S\000e\000r\000v\000e\000r\000\040\000A\000r\000c\000h\000i\000t\000e\000c\000t\000u\000r\000e}{subsubsection.5.1.2}% 27
\BOOKMARK [4][-]{paragraph.5.1.2.3}{\376\377\000A\000s\000y\000n\000c\000h\000r\000o\000n\000o\000u\000s\000\040\000S\000o\000c\000k\000e\000t\000s}{subsubsection.5.1.2}% 28
\BOOKMARK [4][-]{paragraph.5.1.2.4}{\376\377\000P\000a\000c\000k\000e\000t\000\040\000L\000i\000s\000t\000e\000n\000e\000r\000\040\000a\000n\000d\000\040\000B\000r\000o\000a\000d\000c\000a\000s\000t\000e\000r}{subsubsection.5.1.2}% 29
\BOOKMARK [3][-]{subsubsection.5.1.3}{\376\377\0002\000D\000\040\000w\000i\000t\000h\000\040\0003\000D\000\040\000I\000l\000l\000u\000s\000i\000o\000n}{subsection.5.1}% 30
\BOOKMARK [4][-]{paragraph.5.1.3.1}{\376\377\000L\000a\000y\000e\000r\000e\000d\000\040\000S\000p\000r\000i\000t\000e\000s}{subsubsection.5.1.3}% 31
\BOOKMARK [4][-]{paragraph.5.1.3.2}{\376\377\000S\000h\000a\000d\000o\000w\000\040\000R\000e\000n\000d\000e\000r\000i\000n\000g}{subsubsection.5.1.3}% 32
\BOOKMARK [4][-]{paragraph.5.1.3.3}{\376\377\000P\000e\000r\000s\000p\000e\000c\000t\000i\000v\000e\000\040\000S\000c\000a\000l\000i\000n\000g}{subsubsection.5.1.3}% 33
\BOOKMARK [2][-]{subsection.5.2}{\376\377\000A\000l\000g\000o\000r\000i\000t\000h\000m\000\040\000D\000e\000s\000i\000g\000n}{section.5}% 34
\BOOKMARK [3][-]{subsubsection.5.2.1}{\376\377\000M\000a\000i\000n\000\040\000S\000e\000r\000v\000e\000r\000\040\000L\000o\000o\000p}{subsection.5.2}% 35
\BOOKMARK [3][-]{subsubsection.5.2.2}{\376\377\000C\000a\000r\000d\000\040\000D\000e\000p\000l\000o\000y\000m\000e\000n\000t\000\040\000P\000r\000o\000c\000e\000s\000s}{subsection.5.2}% 36
\BOOKMARK [3][-]{subsubsection.5.2.3}{\376\377\000B\000a\000t\000t\000l\000e\000\040\000U\000p\000d\000a\000t\000e\000\040\000L\000o\000g\000i\000c}{subsection.5.2}% 37
\BOOKMARK [3][-]{subsubsection.5.2.4}{\376\377\000T\000a\000r\000g\000e\000t\000\040\000S\000e\000l\000e\000c\000t\000i\000o\000n\000\040\000A\000l\000g\000o\000r\000i\000t\000h\000m}{subsection.5.2}% 38
\BOOKMARK [3][-]{subsubsection.5.2.5}{\376\377\000C\000h\000e\000s\000t\000\040\000R\000e\000w\000a\000r\000d\000\040\000S\000y\000s\000t\000e\000m}{subsection.5.2}% 39
\BOOKMARK [2][-]{subsection.5.3}{\376\377\000A\000l\000g\000o\000r\000i\000t\000h\000m\000\040\000F\000l\000o\000w\000c\000h\000a\000r\000t\000s}{section.5}% 40
\BOOKMARK [3][-]{subsubsection.5.3.1}{\376\377\000M\000a\000i\000n\000\040\000S\000e\000r\000v\000e\000r\000\040\000L\000o\000o\000p\000\040\000F\000l\000o\000w\000c\000h\000a\000r\000t}{subsection.5.3}% 41
\BOOKMARK [3][-]{subsubsection.5.3.2}{\376\377\000C\000a\000r\000d\000\040\000D\000e\000p\000l\000o\000y\000m\000e\000n\000t\000\040\000P\000r\000o\000c\000e\000s\000s\000\040\000F\000l\000o\000w\000c\000h\000a\000r\000t}{subsection.5.3}% 42
\BOOKMARK [3][-]{subsubsection.5.3.3}{\376\377\000B\000a\000t\000t\000l\000e\000\040\000U\000p\000d\000a\000t\000e\000\040\000L\000o\000g\000i\000c\000\040\000F\000l\000o\000w\000c\000h\000a\000r\000t}{subsection.5.3}% 43
\BOOKMARK [3][-]{subsubsection.5.3.4}{\376\377\000T\000a\000r\000g\000e\000t\000\040\000S\000e\000l\000e\000c\000t\000i\000o\000n\000\040\000A\000l\000g\000o\000r\000i\000t\000h\000m\000\040\000F\000l\000o\000w\000c\000h\000a\000r\000t}{subsection.5.3}% 44
\BOOKMARK [3][-]{subsubsection.5.3.5}{\376\377\000C\000h\000e\000s\000t\000\040\000R\000e\000w\000a\000r\000d\000\040\000S\000y\000s\000t\000e\000m\000\040\000F\000l\000o\000w\000c\000h\000a\000r\000t}{subsection.5.3}% 45
\BOOKMARK [1][-]{section.6}{\376\377\000T\000r\000a\000c\000e\000\040\000T\000a\000b\000l\000e\000s}{}% 46
\BOOKMARK [2][-]{subsection.6.1}{\376\377\000M\000a\000i\000n\000\040\000S\000e\000r\000v\000e\000r\000\040\000L\000o\000o\000p\000\040\000T\000r\000a\000c\000e\000\040\000T\000a\000b\000l\000e\000s}{section.6}% 47
\BOOKMARK [3][-]{subsubsection.6.1.1}{\376\377\000S\000c\000e\000n\000a\000r\000i\000o\000\040\0001\000:\000\040\000S\000i\000m\000p\000l\000e\000\040\000T\000w\000o\000-\000P\000l\000a\000y\000e\000r\000\040\000M\000a\000t\000c\000h}{subsection.6.1}% 48
\BOOKMARK [2][-]{subsection.6.2}{\376\377\000C\000a\000r\000d\000\040\000D\000e\000p\000l\000o\000y\000m\000e\000n\000t\000\040\000T\000r\000a\000c\000e\000\040\000T\000a\000b\000l\000e\000s}{section.6}% 49
\BOOKMARK [3][-]{subsubsection.6.2.1}{\376\377\000S\000c\000e\000n\000a\000r\000i\000o\000\040\0001\000:\000\040\000E\000n\000o\000u\000g\000h\000\040\000E\000l\000i\000x\000i\000r}{subsection.6.2}% 50
\BOOKMARK [3][-]{subsubsection.6.2.2}{\376\377\000S\000c\000e\000n\000a\000r\000i\000o\000\040\0002\000:\000\040\000I\000n\000s\000u\000f\000f\000i\000c\000i\000e\000n\000t\000\040\000E\000l\000i\000x\000i\000r}{subsection.6.2}% 51
\BOOKMARK [2][-]{subsection.6.3}{\376\377\000B\000a\000t\000t\000l\000e\000\040\000U\000p\000d\000a\000t\000e\000\040\000L\000o\000g\000i\000c\000\040\000T\000r\000a\000c\000e\000\040\000T\000a\000b\000l\000e\000s}{section.6}% 52
\BOOKMARK [3][-]{subsubsection.6.3.1}{\376\377\000S\000c\000e\000n\000a\000r\000i\000o\000\040\0001\000:\000\040\000R\000e\000g\000u\000l\000a\000r\000\040\000T\000i\000c\000k}{subsection.6.3}% 53
\BOOKMARK [3][-]{subsubsection.6.3.2}{\376\377\000S\000c\000e\000n\000a\000r\000i\000o\000\040\0002\000:\000\040\000O\000v\000e\000r\000t\000i\000m\000e\000\040\000T\000r\000i\000g\000g\000e\000r}{subsection.6.3}% 54
\BOOKMARK [2][-]{subsection.6.4}{\376\377\000T\000a\000r\000g\000e\000t\000\040\000S\000e\000l\000e\000c\000t\000i\000o\000n\000\040\000A\000l\000g\000o\000r\000i\000t\000h\000m\000\040\000T\000r\000a\000c\000e\000\040\000T\000a\000b\000l\000e\000s}{section.6}% 55
\BOOKMARK [3][-]{subsubsection.6.4.1}{\376\377\000S\000c\000e\000n\000a\000r\000i\000o\000\040\0001\000:\000\040\000M\000e\000l\000e\000e\000\040\000T\000r\000o\000o\000p\000\040\000P\000r\000e\000f\000e\000r\000s\000\040\000B\000u\000i\000l\000d\000i\000n\000g\000s}{subsection.6.4}% 56
\BOOKMARK [3][-]{subsubsection.6.4.2}{\376\377\000S\000c\000e\000n\000a\000r\000i\000o\000\040\0002\000:\000\040\000R\000a\000n\000g\000e\000d\000\040\000U\000n\000i\000t\000\040\000A\000t\000t\000a\000c\000k\000s\000\040\000G\000r\000o\000u\000n\000d\000\040\000\046\000\040\000A\000i\000r}{subsection.6.4}% 57
\BOOKMARK [2][-]{subsection.6.5}{\376\377\000C\000h\000e\000s\000t\000\040\000R\000e\000w\000a\000r\000d\000\040\000S\000y\000s\000t\000e\000m\000\040\000T\000r\000a\000c\000e\000\040\000T\000a\000b\000l\000e\000s}{section.6}% 58
\BOOKMARK [3][-]{subsubsection.6.5.1}{\376\377\000S\000c\000e\000n\000a\000r\000i\000o\000\040\0001\000:\000\040\000G\000o\000l\000d\000\040\000C\000h\000e\000s\000t}{subsection.6.5}% 59
\BOOKMARK [3][-]{subsubsection.6.5.2}{\376\377\000S\000c\000e\000n\000a\000r\000i\000o\000\040\0002\000:\000\040\000M\000a\000g\000i\000c\000a\000l\000\040\000C\000h\000e\000s\000t}{subsection.6.5}% 60
